  source.cpp
C:\Users\User\source\repos\tic_tac_toe_1\source\source.cpp(24,24): warning C4244: 'return': conversion from 'double' to 'float', possible loss of data
C:\Users\User\source\repos\tic_tac_toe_1\source\source.cpp(92,18): warning C4244: 'initializing': conversion from 'T' to 'float', possible loss of data
          with
          [
              T=unsigned int
          ]
C:\Users\User\source\repos\tic_tac_toe_1\source\source.cpp(93,17): warning C4244: 'initializing': conversion from 'T' to 'float', possible loss of data
          with
          [
              T=unsigned int
          ]
C:\Users\User\source\repos\tic_tac_toe_1\source\source.cpp(127,18): warning C4244: 'initializing': conversion from 'T' to 'float', possible loss of data
          with
          [
              T=unsigned int
          ]
C:\Users\User\source\repos\tic_tac_toe_1\source\source.cpp(128,17): warning C4244: 'initializing': conversion from 'T' to 'float', possible loss of data
          with
          [
              T=unsigned int
          ]
C:\Users\User\source\repos\tic_tac_toe_1\source\source.cpp(329,97): warning C4244: 'argument': conversion from 'T' to 'T', possible loss of data
          with
          [
              T=unsigned int
          ]
          and
          [
              T=float
          ]
C:\Users\User\source\repos\tic_tac_toe_1\source\source.cpp(329,73): warning C4244: 'argument': conversion from 'T' to 'T', possible loss of data
          with
          [
              T=unsigned int
          ]
          and
          [
              T=float
          ]
C:\Users\User\source\repos\tic_tac_toe_1\source\source.cpp(332,66): warning C4244: 'argument': conversion from 'T' to 'float', possible loss of data
          with
          [
              T=unsigned int
          ]
C:\Users\User\source\repos\tic_tac_toe_1\source\source.cpp(332,36): warning C4244: 'argument': conversion from 'T' to 'float', possible loss of data
          with
          [
              T=unsigned int
          ]
C:\Users\User\source\repos\tic_tac_toe_1\source\source.cpp(360,18): warning C4244: 'initializing': conversion from 'T' to 'float', possible loss of data
          with
          [
              T=unsigned int
          ]
C:\Users\User\source\repos\tic_tac_toe_1\source\source.cpp(361,17): warning C4244: 'initializing': conversion from 'T' to 'float', possible loss of data
          with
          [
              T=unsigned int
          ]
C:\Users\User\source\repos\tic_tac_toe_1\source\source.cpp(363,10): warning C4101: 'computer': unreferenced local variable
C:\Users\User\source\repos\tic_tac_toe_1\source\source.cpp(362,10): warning C4101: 'player': unreferenced local variable
C:\Users\User\source\repos\tic_tac_toe_1\source\source.cpp(584,51): warning C4244: 'argument': conversion from 'float' to 'unsigned int', possible loss of data
C:\Users\User\source\repos\tic_tac_toe_1\source\source.cpp(584,43): warning C4244: 'argument': conversion from 'float' to 'unsigned int', possible loss of data
C:\Users\User\source\repos\tic_tac_toe_1\source\source.cpp(194): warning C4715: 'mousePosToIndex': not all control paths return a value
  source.vcxproj -> C:\Users\User\source\repos\tic_tac_toe_1\source\x64\Debug\source.exe
